Farhan/build/outputs/logs/manifest-merger-debug-report.txt
-- Merging decision tree log ---
manifest
ADDED from src\main\AndroidManifest.xml:13:1-49:12
INJECTED from src\main\AndroidManifest.xml:13:1-49:12
INJECTED from src\main\AndroidManifest.xml:13:1-49:12
INJECTED from src\main\AndroidManifest.xml:13:1-49:12
MERGED from [androidx.health.connect:connect-client:1.0.0-alpha06] AndroidManifest.xml:17:1-35:12
MERGED from [androidx.compose.ui:ui-tooling:1.2.1] AndroidManifest.xml:17:1-29:12
MERGED from [androidx.navigation:navigation-compose:2.5.1] AndroidManifest.xml:17:1-24:12
MERGED from [androidx.lifecycle:lifecycle-viewmodel-compose:2.5.1] AndroidManifest.xml:17:1-24:12
MERGED from [androidx.compose.material:material:1.2.1] AndroidManifest.xml:17:1-23:12
MERGED from [androidx.activity:activity-compose:1.5.1] AndroidManifest.xml:17:1-24:12
MERGED from [androidx.compose.material:material-ripple:1.2.1] AndroidManifest.xml:17:1-23:12
MERGED from [androidx.compose.foundation:foundation:1.2.1] AndroidManifest.xml:17:1-23:12
MERGED from [androidx.compose.animation:animation:1.1.1] AndroidManifest.xml:17:1-24:12
MERGED from [androidx.compose.ui:ui-tooling-data:1.2.1] AndroidManifest.xml:17:1-23:12
MERGED from [androidx.compose.material:material-icons-extended:1.2.1] AndroidManifest.xml:17:1-23:12
MERGED from [androidx.compose.material:material-icons-core:1.2.1] AndroidManifest.xml:17:1-23:12
MERGED from [androidx.compose.foundation:foundation-layout:1.2.1] AndroidManifest.xml:17:1-23:12
MERGED from [androidx.compose.animation:animation-core:1.1.1] AndroidManifest.xml:17:1-24:12
MERGED from [androidx.compose.ui:ui:1.2.1] AndroidManifest.xml:17:1-23:12
MERGED from [androidx.navigation:navigation-runtime-ktx:2.5.1] AndroidManifest.xml:17:1-24:12
MERGED from [androidx.navigation:navigation-runtime:2.5.1] AndroidManifest.xml:17:1-24:12
MERGED from [androidx.activity:activity-ktx:1.5.1] AndroidManifest.xml:17:1-24:12
MERGED from [androidx.navigation:navigation-common-ktx:2.5.1] AndroidManifest.xml:17:1-24:12
MERGED from [androidx.navigation:navigation-common:2.5.1] AndroidManifest.xml:17:1-24:12
MERGED from [androidx.lifecycle:lifecycle-runtime-ktx:2.5.1] AndroidManifest.xml:17:1-24:12
MERGED from [androidx.lifecycle:lifecycle-viewmodel-ktx:2.5.1] AndroidManifest.xml:17:1-24:12
MERGED from [androidx.activity:activity:1.5.1] AndroidManifest.xml:17:1-24:12
MERGED from [androidx.lifecycle:lifecycle-viewmodel:2.5.1] AndroidManifest.xml:17:1-24:12
MERGED from [androidx.lifecycle:lifecycle-viewmodel-savedstate:2.5.1] AndroidManifest.xml:17:1-24:12
MERGED from [androidx.compose.ui:ui-tooling-preview:1.2.1] AndroidManifest.xml:17:1-23:12
MERGED from [androidx.compose.ui:ui-text:1.2.1] AndroidManifest.xml:17:1-23:12
MERGED from [androidx.compose.runtime:runtime-saveable:1.2.1] AndroidManifest.xml:17:1-23:12
MERGED from [androidx.compose.ui:ui-graphics:1.2.1] AndroidManifest.xml:17:1-23:12
MERGED from [androidx.compose.ui:ui-unit:1.2.1] AndroidManifest.xml:17:1-23:12
MERGED from [androidx.compose.ui:ui-geometry:1.2.1] AndroidManifest.xml:17:1-23:12
MERGED from [androidx.compose.runtime:runtime:1.2.1] AndroidManifest.xml:17:1-23:12
MERGED from [androidx.savedstate:savedstate-ktx:1.2.0] AndroidManifest.xml:17:1-24:12
MERGED from [androidx.compose.ui:ui-util:1.2.1] AndroidManifest.xml:17:1-23:12
MERGED from [androidx.customview:customview-poolingcontainer:1.0.0] AndroidManifest.xml:17:1-23:12
MERGED from [androidx.savedstate:savedstate:1.2.0] AndroidManifest.xml:17:1-24:12
MERGED from [androidx.core:core-ktx:1.5.0] AndroidManifest.xml:2:1-9:12
MERGED from [androidx.autofill:autofill:1.0.0] AndroidManifest.xml:17:1-24:12
MERGED from [androidx.core:core:1.8.0] AndroidManifest.xml:17:1-26:12
MERGED from [androidx.lifecycle:lifecycle-runtime:2.5.1] AndroidManifest.xml:17:1-24:12
MERGED from [androidx.lifecycle:lifecycle-livedata-core:2.5.1] AndroidManifest.xml:17:1-24:12
MERGED from [androidx.profileinstaller:profileinstaller:1.2.0] AndroidManifest.xml:17:1-50:12
MERGED from [androidx.startup:startup-runtime:1.1.1] AndroidManifest.xml:17:1-33:12
MERGED from [androidx.arch.core:core-runtime:2.1.0] AndroidManifest.xml:17:1-24:12
MERGED from [androidx.tracing:tracing:1.0.0] AndroidManifest.xml:17:1-24:12
MERGED from [androidx.versionedparcelable:versionedparcelable:1.1.1] AndroidManifest.xml:17:1-27:12
MERGED from [androidx.annotation:annotation-experimental:1.1.0] AndroidManifest.xml:17:1-24:12
INJECTED from src\main\AndroidManifest.xml:13:1-49:12
INJECTED from src\main\AndroidManifest.xml:13:1-49:12
INJECTED from src\main\AndroidManifest.xml:13:1-49:12
	package
		ADDED from src\main\AndroidManifest.xml:14:5-48
		INJECTED from src\main\AndroidManifest.xml
		INJECTED from src\main\AndroidManifest.xml
	android:versionName
		INJECTED from src\main\AndroidManifest.xml
		ADDED from src\main\AndroidManifest.xml:13:1-49:12
		INJECTED from src\main\AndroidManifest.xml
	android:versionCode
		INJECTED from src\main\AndroidManifest.xml
		ADDED from src\main\AndroidManifest.xml:13:1-49:12
		INJECTED from src\main\AndroidManifest.xml
	xmlns:android
		ADDED from src\main\AndroidManifest.xml:13:11-69
application
ADDED from src\main\AndroidManifest.xml:16:3-43:17
MERGED from [androidx.health.connect:connect-client:1.0.0-alpha06] AndroidManifest.xml:23:5-33:19
MERGED from [androidx.health.connect:connect-client:1.0.0-alpha06] AndroidManifest.xml:23:5-33:19
MERGED from [androidx.compose.ui:ui-tooling:1.2.1] AndroidManifest.xml:23:5-27:19
MERGED from [androidx.compose.ui:ui-tooling:1.2.1] AndroidManifest.xml:23:5-27:19
MERGED from [androidx.core:core:1.8.0] AndroidManifest.xml:24:5-89
MERGED from [androidx.core:core:1.8.0] AndroidManifest.xml:24:5-89
MERGED from [androidx.profileinstaller:profileinstaller:1.2.0] AndroidManifest.xml:24:5-48:19
MERGED from [androidx.profileinstaller:profileinstaller:1.2.0] AndroidManifest.xml:24:5-48:19
MERGED from [androidx.startup:startup-runtime:1.1.1] AndroidManifest.xml:25:5-31:19
MERGED from [androidx.startup:startup-runtime:1.1.1] AndroidManifest.xml:25:5-31:19
MERGED from [androidx.versionedparcelable:versionedparcelable:1.1.1] AndroidManifest.xml:24:5-25:19
MERGED from [androidx.versionedparcelable:versionedparcelable:1.1.1] AndroidManifest.xml:24:5-25:19
	android:appComponentFactory
		ADDED from [androidx.core:core:1.8.0] AndroidManifest.xml:24:18-86
	android:supportsRtl
		ADDED from src\main\AndroidManifest.xml:22:7-33
	android:label
		ADDED from src\main\AndroidManifest.xml:19:7-39
	android:roundIcon
		ADDED from src\main\AndroidManifest.xml:21:7-52
	android:icon
		ADDED from src\main\AndroidManifest.xml:18:7-41
	android:allowBackup
		ADDED from src\main\AndroidManifest.xml:17:7-33
	android:theme
		ADDED from src\main\AndroidManifest.xml:23:7-49
	android:name
		ADDED from src\main\AndroidManifest.xml:20:7-84
activity#com.example.healthconnect.codelab.presentation.MainActivity
ADDED from src\main\AndroidManifest.xml:24:5-42:16
	android:exported
		ADDED from src\main\AndroidManifest.xml:26:9-32
	android:theme
		ADDED from src\main\AndroidManifest.xml:27:9-51
	android:name
		ADDED from src\main\AndroidManifest.xml:25:9-83
intent-filter#action:name:android.intent.action.MAIN+category:name:android.intent.category.LAUNCHER
ADDED from src\main\AndroidManifest.xml:28:7-31:23
action#android.intent.action.MAIN
ADDED from src\main\AndroidManifest.xml:29:9-61
	android:name
		ADDED from src\main\AndroidManifest.xml:29:17-58
category#android.intent.category.LAUNCHER
ADDED from src\main\AndroidManifest.xml:30:9-69
	android:name
		ADDED from src\main\AndroidManifest.xml:30:19-66
intent-filter#action:name:androidx.health.ACTION_SHOW_PERMISSIONS_RATIONALE
ADDED from src\main\AndroidManifest.xml:34:7-36:23
action#androidx.health.ACTION_SHOW_PERMISSIONS_RATIONALE
ADDED from src\main\AndroidManifest.xml:35:9-84
	android:name
		ADDED from src\main\AndroidManifest.xml:35:17-81
meta-data#health_permissions
ADDED from src\main\AndroidManifest.xml:39:7-41:58
	android:resource
		ADDED from src\main\AndroidManifest.xml:41:11-55
	android:name
		ADDED from src\main\AndroidManifest.xml:40:11-44
queries
ADDED from src\main\AndroidManifest.xml:46:3-48:13
package#com.google.android.apps.healthdata
ADDED from src\main\AndroidManifest.xml:47:5-66
	android:name
		ADDED from src\main\AndroidManifest.xml:47:14-63
uses-sdk
INJECTED from src\main\AndroidManifest.xml reason: use-sdk injection requested
INJECTED from src\main\AndroidManifest.xml
INJECTED from src\main\AndroidManifest.xml
MERGED from [androidx.health.connect:connect-client:1.0.0-alpha06] AndroidManifest.xml:21:5-44
MERGED from [androidx.health.connect:connect-client:1.0.0-alpha06] AndroidManifest.xml:21:5-44
MERGED from [androidx.compose.ui:ui-tooling:1.2.1] AndroidManifest.xml:20:5-21:38
MERGED from [androidx.compose.ui:ui-tooling:1.2.1] AndroidManifest.xml:20:5-21:38
MERGED from [androidx.navigation:navigation-compose:2.5.1] AndroidManifest.xml:20:5-22:41
MERGED from [androidx.navigation:navigation-compose:2.5.1] AndroidManifest.xml:20:5-22:41
MERGED from [androidx.lifecycle:lifecycle-viewmodel-compose:2.5.1] AndroidManifest.xml:20:5-22:41
MERGED from [androidx.lifecycle:lifecycle-viewmodel-compose:2.5.1] AndroidManifest.xml:20:5-22:41
MERGED from [androidx.compose.material:material:1.2.1] AndroidManifest.xml:20:5-21:38
MERGED from [androidx.compose.material:material:1.2.1] AndroidManifest.xml:20:5-21:38
MERGED from [androidx.activity:activity-compose:1.5.1] AndroidManifest.xml:20:5-22:41
MERGED from [androidx.activity:activity-compose:1.5.1] AndroidManifest.xml:20:5-22:41
MERGED from [androidx.compose.material:material-ripple:1.2.1] AndroidManifest.xml:20:5-21:38
MERGED from [androidx.compose.material:material-ripple:1.2.1] AndroidManifest.xml:20:5-21:38
MERGED from [androidx.compose.foundation:foundation:1.2.1] AndroidManifest.xml:20:5-21:38
MERGED from [androidx.compose.foundation:foundation:1.2.1] AndroidManifest.xml:20:5-21:38
MERGED from [androidx.compose.animation:animation:1.1.1] AndroidManifest.xml:20:5-22:41
MERGED from [androidx.compose.animation:animation:1.1.1] AndroidManifest.xml:20:5-22:41
MERGED from [androidx.compose.ui:ui-tooling-data:1.2.1] AndroidManifest.xml:20:5-21:38
MERGED from [androidx.compose.ui:ui-tooling-data:1.2.1] AndroidManifest.xml:20:5-21:38
MERGED from [androidx.compose.material:material-icons-extended:1.2.1] AndroidManifest.xml:20:5-21:38
MERGED from [androidx.compose.material:material-icons-extended:1.2.1] AndroidManifest.xml:20:5-21:38
MERGED from [androidx.compose.material:material-icons-core:1.2.1] AndroidManifest.xml:20:5-21:38
MERGED from [androidx.compose.material:material-icons-core:1.2.1] AndroidManifest.xml:20:5-21:38
MERGED from [androidx.compose.foundation:foundation-layout:1.2.1] AndroidManifest.xml:20:5-21:38
MERGED from [androidx.compose.foundation:foundation-layout:1.2.1] AndroidManifest.xml:20:5-21:38
MERGED from [androidx.compose.animation:animation-core:1.1.1] AndroidManifest.xml:20:5-22:41
MERGED from [androidx.compose.animation:animation-core:1.1.1] AndroidManifest.xml:20:5-22:41
MERGED from [androidx.compose.ui:ui:1.2.1] AndroidManifest.xml:20:5-21:38
MERGED from [androidx.compose.ui:ui:1.2.1] AndroidManifest.xml:20:5-21:38
MERGED from [androidx.navigation:navigation-runtime-ktx:2.5.1] AndroidManifest.xml:20:5-22:41
MERGED from [androidx.navigation:navigation-runtime-ktx:2.5.1] AndroidManifest.xml:20:5-22:41
MERGED from [androidx.navigation:navigation-runtime:2.5.1] AndroidManifest.xml:20:5-22:41
MERGED from [androidx.navigation:navigation-runtime:2.5.1] AndroidManifest.xml:20:5-22:41
MERGED from [androidx.activity:activity-ktx:1.5.1] AndroidManifest.xml:20:5-22:41
MERGED from [androidx.activity:activity-ktx:1.5.1] AndroidManifest.xml:20:5-22:41
MERGED from [androidx.navigation:navigation-common-ktx:2.5.1] AndroidManifest.xml:20:5-22:41
MERGED from [androidx.navigation:navigation-common-ktx:2.5.1] AndroidManifest.xml:20:5-22:41
MERGED from [androidx.navigation:navigation-common:2.5.1] AndroidManifest.xml:20:5-22:41
MERGED from [androidx.navigation:navigation-common:2.5.1] AndroidManifest.xml:20:5-22:41
MERGED from [androidx.lifecycle:lifecycle-runtime-ktx:2.5.1] AndroidManifest.xml:20:5-22:41
MERGED from [androidx.lifecycle:lifecycle-runtime-ktx:2.5.1] AndroidManifest.xml:20:5-22:41
MERGED from [androidx.lifecycle:lifecycle-viewmodel-ktx:2.5.1] AndroidManifest.xml:20:5-22:41
MERGED from [androidx.lifecycle:lifecycle-viewmodel-ktx:2.5.1] AndroidManifest.xml:20:5-22:41
MERGED from [androidx.activity:activity:1.5.1] AndroidManifest.xml:20:5-22:41
MERGED from [androidx.activity:activity:1.5.1] AndroidManifest.xml:20:5-22:41
MERGED from [androidx.lifecycle:lifecycle-viewmodel:2.5.1] AndroidManifest.xml:20:5-22:41
MERGED from [androidx.lifecycle:lifecycle-viewmodel:2.5.1] AndroidManifest.xml:20:5-22:41
MERGED from [androidx.lifecycle:lifecycle-viewmodel-savedstate:2.5.1] AndroidManifest.xml:20:5-22:41
MERGED from [androidx.lifecycle:lifecycle-viewmodel-savedstate:2.5.1] AndroidManifest.xml:20:5-22:41
MERGED from [androidx.compose.ui:ui-tooling-preview:1.2.1] AndroidManifest.xml:20:5-21:38
MERGED from [androidx.compose.ui:ui-tooling-preview:1.2.1] AndroidManifest.xml:20:5-21:38
MERGED from [androidx.compose.ui:ui-text:1.2.1] AndroidManifest.xml:20:5-21:38
MERGED from [androidx.compose.ui:ui-text:1.2.1] AndroidManifest.xml:20:5-21:38
MERGED from [androidx.compose.runtime:runtime-saveable:1.2.1] AndroidManifest.xml:20:5-21:38
MERGED from [androidx.compose.runtime:runtime-saveable:1.2.1] AndroidManifest.xml:20:5-21:38
MERGED from [androidx.compose.ui:ui-graphics:1.2.1] AndroidManifest.xml:20:5-21:38
MERGED from [androidx.compose.ui:ui-graphics:1.2.1] AndroidManifest.xml:20:5-21:38
MERGED from [androidx.compose.ui:ui-unit:1.2.1] AndroidManifest.xml:20:5-21:38
MERGED from [androidx.compose.ui:ui-unit:1.2.1] AndroidManifest.xml:20:5-21:38
MERGED from [androidx.compose.ui:ui-geometry:1.2.1] AndroidManifest.xml:20:5-21:38
MERGED from [androidx.compose.ui:ui-geometry:1.2.1] AndroidManifest.xml:20:5-21:38
MERGED from [androidx.compose.runtime:runtime:1.2.1] AndroidManifest.xml:20:5-21:38
MERGED from [androidx.compose.runtime:runtime:1.2.1] AndroidManifest.xml:20:5-21:38
MERGED from [androidx.savedstate:savedstate-ktx:1.2.0] AndroidManifest.xml:20:5-22:41
MERGED from [androidx.savedstate:savedstate-ktx:1.2.0] AndroidManifest.xml:20:5-22:41
MERGED from [androidx.compose.ui:ui-util:1.2.1] AndroidManifest.xml:20:5-21:38
MERGED from [androidx.compose.ui:ui-util:1.2.1] AndroidManifest.xml:20:5-21:38
MERGED from [androidx.customview:customview-poolingcontainer:1.0.0] AndroidManifest.xml:20:5-21:38
MERGED from [androidx.customview:customview-poolingcontainer:1.0.0] AndroidManifest.xml:20:5-21:38
MERGED from [androidx.savedstate:savedstate:1.2.0] AndroidManifest.xml:20:5-22:41
MERGED from [androidx.savedstate:savedstate:1.2.0] AndroidManifest.xml:20:5-22:41
MERGED from [androidx.core:core-ktx:1.5.0] AndroidManifest.xml:5:5-7:41
MERGED from [androidx.core:core-ktx:1.5.0] AndroidManifest.xml:5:5-7:41
MERGED from [androidx.autofill:autofill:1.0.0] AndroidManifest.xml:20:5-22:41
MERGED from [androidx.autofill:autofill:1.0.0] AndroidManifest.xml:20:5-22:41
MERGED from [androidx.core:core:1.8.0] AndroidManifest.xml:20:5-22:41
MERGED from [androidx.core:core:1.8.0] AndroidManifest.xml:20:5-22:41
MERGED from [androidx.lifecycle:lifecycle-runtime:2.5.1] AndroidManifest.xml:20:5-22:41
MERGED from [androidx.lifecycle:lifecycle-runtime:2.5.1] AndroidManifest.xml:20:5-22:41
MERGED from [androidx.lifecycle:lifecycle-livedata-core:2.5.1] AndroidManifest.xml:20:5-22:41
MERGED from [androidx.lifecycle:lifecycle-livedata-core:2.5.1] AndroidManifest.xml:20:5-22:41
MERGED from [androidx.profileinstaller:profileinstaller:1.2.0] AndroidManifest.xml:21:5-22:38
MERGED from [androidx.profileinstaller:profileinstaller:1.2.0] AndroidManifest.xml:21:5-22:38
MERGED from [androidx.startup:startup-runtime:1.1.1] AndroidManifest.xml:21:5-23:41
MERGED from [androidx.startup:startup-runtime:1.1.1] AndroidManifest.xml:21:5-23:41
MERGED from [androidx.arch.core:core-runtime:2.1.0] AndroidManifest.xml:20:5-22:41
MERGED from [androidx.arch.core:core-runtime:2.1.0] AndroidManifest.xml:20:5-22:41
MERGED from [androidx.tracing:tracing:1.0.0] AndroidManifest.xml:20:5-22:41
MERGED from [androidx.tracing:tracing:1.0.0] AndroidManifest.xml:20:5-22:41
MERGED from [androidx.versionedparcelable:versionedparcelable:1.1.1] AndroidManifest.xml:20:5-22:41
MERGED from [androidx.versionedparcelable:versionedparcelable:1.1.1] AndroidManifest.xml:20:5-22:41
MERGED from [androidx.annotation:annotation-experimental:1.1.0] AndroidManifest.xml:20:5-22:41
MERGED from [androidx.annotation:annotation-experimental:1.1.0] AndroidManifest.xml:20:5-22:41
INJECTED from src\main\AndroidManifest.xml
INJECTED from src\main\AndroidManifest.xml
	android:targetSdkVersion
		INJECTED from src\main\AndroidManifest.xml
		ADDED from src\main\AndroidManifest.xml
		INJECTED from src\main\AndroidManifest.xml
	android:minSdkVersion
		INJECTED from src\main\AndroidManifest.xml
		ADDED from src\main\AndroidManifest.xml
		INJECTED from src\main\AndroidManifest.xml
service#androidx.health.platform.client.impl.sdkservice.HealthDataSdkService
ADDED from [androidx.health.connect:connect-client:1.0.0-alpha06] AndroidManifest.xml:24:9-32:19
	android:enabled
		ADDED from [androidx.health.connect:connect-client:1.0.0-alpha06] AndroidManifest.xml:26:13-35
	android:exported
		ADDED from [androidx.health.connect:connect-client:1.0.0-alpha06] AndroidManifest.xml:27:13-36
	tools:ignore
		ADDED from [androidx.health.connect:connect-client:1.0.0-alpha06] AndroidManifest.xml:28:13-43
	android:name
		ADDED from [androidx.health.connect:connect-client:1.0.0-alpha06] AndroidManifest.xml:25:13-96
intent-filter#action:name:androidx.health.platform.client.ACTION_BIND_SDK_SERVICE
ADDED from [androidx.health.connect:connect-client:1.0.0-alpha06] AndroidManifest.xml:29:13-31:29
action#androidx.health.platform.client.ACTION_BIND_SDK_SERVICE
ADDED from [androidx.health.connect:connect-client:1.0.0-alpha06] AndroidManifest.xml:30:17-98
	android:name
		ADDED from [androidx.health.connect:connect-client:1.0.0-alpha06] AndroidManifest.xml:30:25-95
activity#androidx.compose.ui.tooling.PreviewActivity
ADDED from [androidx.compose.ui:ui-tooling:1.2.1] AndroidManifest.xml:24:9-26:39
	android:exported
		ADDED from [androidx.compose.ui:ui-tooling:1.2.1] AndroidManifest.xml:26:13-36
	android:name
		ADDED from [androidx.compose.ui:ui-tooling:1.2.1] AndroidManifest.xml:25:13-71
provider#androidx.startup.InitializationProvider
ADDED from [androidx.profileinstaller:profileinstaller:1.2.0] AndroidManifest.xml:25:9-33:20
MERGED from [androidx.startup:startup-runtime:1.1.1] AndroidManifest.xml:26:9-30:34
MERGED from [androidx.startup:startup-runtime:1.1.1] AndroidManifest.xml:26:9-30:34
	tools:node
		ADDED from [androidx.profileinstaller:profileinstaller:1.2.0] AndroidManifest.xml:29:13-31
	android:authorities
		ADDED from [androidx.profileinstaller:profileinstaller:1.2.0] AndroidManifest.xml:27:13-68
	android:exported
		ADDED from [androidx.profileinstaller:profileinstaller:1.2.0] AndroidManifest.xml:28:13-37
	android:name
		ADDED from [androidx.profileinstaller:profileinstaller:1.2.0] AndroidManifest.xml:26:13-67
meta-data#androidx.profileinstaller.ProfileInstallerInitializer
ADDED from [androidx.profileinstaller:profileinstaller:1.2.0] AndroidManifest.xml:30:13-32:52
	android:value
		ADDED from [androidx.profileinstaller:profileinstaller:1.2.0] AndroidManifest.xml:32:17-49
	android:name
		ADDED from [androidx.profileinstaller:profileinstaller:1.2.0] AndroidManifest.xml:31:17-85
receiver#androidx.profileinstaller.ProfileInstallReceiver
ADDED from [androidx.profileinstaller:profileinstaller:1.2.0] AndroidManifest.xml:35:9-47:20
	android:enabled
		ADDED from [androidx.profileinstaller:profileinstaller:1.2.0] AndroidManifest.xml:38:13-35
	android:exported
		ADDED from [androidx.profileinstaller:profileinstaller:1.2.0] AndroidManifest.xml:39:13-36
	android:permission
		ADDED from [androidx.profileinstaller:profileinstaller:1.2.0] AndroidManifest.xml:40:13-57
	android:directBootAware
		ADDED from [androidx.profileinstaller:profileinstaller:1.2.0] AndroidManifest.xml:37:13-44
	android:name
		ADDED from [androidx.profileinstaller:profileinstaller:1.2.0] AndroidManifest.xml:36:13-76
intent-filter#action:name:androidx.profileinstaller.action.INSTALL_PROFILE
ADDED from [androidx.profileinstaller:profileinstaller:1.2.0] AndroidManifest.xml:41:13-43:29
action#androidx.profileinstaller.action.INSTALL_PROFILE
ADDED from [androidx.profileinstaller:profileinstaller:1.2.0] AndroidManifest.xml:42:17-91
	android:name
		ADDED from [androidx.profileinstaller:profileinstaller:1.2.0] AndroidManifest.xml:42:25-88
intent-filter#action:name:androidx.profileinstaller.action.SKIP_FILE
ADDED from [androidx.profileinstaller:profileinstaller:1.2.0] AndroidManifest.xml:44:13-46:29
action#androidx.profileinstaller.action.SKIP_FILE
ADDED from [androidx.profileinstaller:profileinstaller:1.2.0] AndroidManifest.xml:45:17-85
	android:name
		ADDED from [androidx.profileinstaller:profileinstaller:1.2.0] AndroidManifest.xml:45:25-82